<?xml version="1.0" encoding="UTF-8"?>
<!-- Generated by org.testng.reporters.JUnitReportReporter -->
<testsuite hostname="DESKTOP-JNDOI91" failures="0" tests="1" name="com.inetBanking.Testcases.TC_LoginTest_001" time="7.694" errors="0" timestamp="2023-10-09T20:08:16 IST" skipped="0">
  <testcase classname="com.inetBanking.Testcases.TC_LoginTest_001" name="loginTest" time="7.694"/>
  <system-out/>
</testsuite> <!-- com.inetBanking.Testcases.TC_LoginTest_001 -->
